Found 17493 unique words (203621 in total)
Found 75 unique characters
Found 10 unique named entity tags
14041 / 3250 / 3453 sentences in train / dev / test.
Loaded 0 pretrained embeddings.
word_to_id:  17493
Model Initialized!!!
2000 :  0.7166956067085266
4000 :  0.6081660389900208
6000 :  0.5695634484291077
8000 :  0.5353702902793884
10000 :  0.5380978584289551
12000 :  0.5057092905044556
14000 :  0.5271629095077515
Train: new_F: 0.3042328042328042 best_F: -1.0 
Dev: new_F: 0.29127881999140764 best_F: -1.0 
Saving Model to  ./models/model_5_cnn
Test: new_F: 0.33700787401574805 best_F: -1.0 
16000 :  0.47217750549316406
18000 :  0.4749586284160614
20000 :  0.49133142828941345
22000 :  0.4585346579551697
24000 :  0.4611482322216034
26000 :  0.4432156980037689
28000 :  0.4449344873428345
Train: new_F: 0.36713080996273784 best_F: 0.3042328042328042 
Dev: new_F: 0.3192714610954868 best_F: 0.29127881999140764 
Saving Model to  ./models/model_5_cnn
Test: new_F: 0.36861506055818855 best_F: 0.33700787401574805 
30000 :  0.4275965392589569
32000 :  0.4000222980976105
34000 :  0.4132671356201172
36000 :  0.41457515954971313
38000 :  0.39947745203971863
40000 :  0.3998029828071594
42000 :  0.4115664064884186
Train: new_F: 0.3949947726084683 best_F: 0.36713080996273784 
Dev: new_F: 0.33971868720696585 best_F: 0.3192714610954868 
Saving Model to  ./models/model_5_cnn
Test: new_F: 0.4022169437846398 best_F: 0.36861506055818855 
44000 :  0.38874125480651855
46000 :  0.38009217381477356
48000 :  0.37580975890159607
50000 :  0.37913525104522705
52000 :  0.36229556798934937
54000 :  0.37971746921539307
56000 :  0.37240344285964966
Train: new_F: 0.4046337621422945 best_F: 0.3949947726084683 
Dev: new_F: 0.3431968652884746 best_F: 0.33971868720696585 
Saving Model to  ./models/model_5_cnn
Test: new_F: 0.40619161996263675 best_F: 0.4022169437846398 
58000 :  0.3429795801639557
60000 :  0.3569105267524719
62000 :  0.35131847858428955
64000 :  0.3627512753009796
66000 :  0.3493266701698303
68000 :  0.34130024909973145
70000 :  0.36270251870155334
Train: new_F: 0.45090332998202487 best_F: 0.4046337621422945 
Dev: new_F: 0.3682812697609713 best_F: 0.3431968652884746 
Saving Model to  ./models/model_5_cnn
Test: new_F: 0.4235235360219753 best_F: 0.40619161996263675 
72000 :  0.3422546684741974
74000 :  0.35350558161735535
76000 :  0.34141063690185547
78000 :  0.328350692987442
80000 :  0.32713332772254944
82000 :  0.334979772567749
84000 :  0.33804067969322205
Train: new_F: 0.48683090113633026 best_F: 0.45090332998202487 
Dev: new_F: 0.38893669330055314 best_F: 0.3682812697609713 
Saving Model to  ./models/model_5_cnn
Test: new_F: 0.43881754300945003 best_F: 0.4235235360219753 
86000 :  0.3180260956287384
88000 :  0.3333965241909027
90000 :  0.31267836689949036
92000 :  0.32170382142066956
94000 :  0.33035364747047424
96000 :  0.3105241656303406
98000 :  0.332815021276474
Train: new_F: 0.49755986834638516 best_F: 0.48683090113633026 
Dev: new_F: 0.38448766603415563 best_F: 0.38893669330055314 
Test: new_F: 0.4367491166077739 best_F: 0.43881754300945003 
100000 :  0.30012109875679016
102000 :  0.3169059157371521
104000 :  0.3038867115974426
106000 :  0.3040385842323303
108000 :  0.30977189540863037
110000 :  0.2970084547996521
112000 :  0.3136116564273834
Train: new_F: 0.5046640409843348 best_F: 0.49755986834638516 
Dev: new_F: 0.3865630483830534 best_F: 0.38893669330055314 
Test: new_F: 0.44991343062082617 best_F: 0.43881754300945003 
114000 :  0.31150344014167786
116000 :  0.3061547875404358
118000 :  0.2876242399215698
120000 :  0.29155218601226807
122000 :  0.2966938316822052
124000 :  0.29970425367355347
126000 :  0.30077674984931946
Train: new_F: 0.5119815668202764 best_F: 0.5046640409843348 
Dev: new_F: 0.3934787938220152 best_F: 0.38893669330055314 
Saving Model to  ./models/model_5_cnn
Test: new_F: 0.44360719494409334 best_F: 0.44991343062082617 
128000 :  0.27281060814857483
130000 :  0.28210052847862244
132000 :  0.2844994366168976
134000 :  0.2779804468154907
136000 :  0.28932103514671326
138000 :  0.2938272953033447
140000 :  0.283469021320343
Train: new_F: 0.5331603977518374 best_F: 0.5119815668202764 
Dev: new_F: 0.3943419434194342 best_F: 0.3934787938220152 
Saving Model to  ./models/model_5_cnn
Test: new_F: 0.43983402489626555 best_F: 0.44991343062082617 
142000 :  0.28766846656799316
144000 :  0.26772835850715637
146000 :  0.2755177617073059
148000 :  0.2752460837364197
150000 :  0.28682178258895874
152000 :  0.28707265853881836
154000 :  0.2671343982219696
Train: new_F: 0.5601195748449956 best_F: 0.5331603977518374 
Dev: new_F: 0.4033813549232051 best_F: 0.3943419434194342 
Saving Model to  ./models/model_5_cnn
Test: new_F: 0.4452668019577414 best_F: 0.44991343062082617 
156000 :  0.27445188164711
158000 :  0.25832727551460266
160000 :  0.27171555161476135
162000 :  0.2680884599685669
164000 :  0.27734076976776123
166000 :  0.26547151803970337
168000 :  0.27326422929763794
Train: new_F: 0.5643812233285916 best_F: 0.5601195748449956 
Dev: new_F: 0.41018074511250463 best_F: 0.4033813549232051 
Saving Model to  ./models/model_5_cnn
Test: new_F: 0.4538020261198584 best_F: 0.44991343062082617 
170000 :  0.2608237862586975
172000 :  0.2533394992351532
174000 :  0.26987725496292114
176000 :  0.25794264674186707
178000 :  0.255425363779068
180000 :  0.27255308628082275
182000 :  0.2515381872653961
Train: new_F: 0.5724779902428082 best_F: 0.5643812233285916 
Dev: new_F: 0.4082624544349939 best_F: 0.41018074511250463 
Test: new_F: 0.4477467681527123 best_F: 0.4538020261198584 
184000 :  0.24478396773338318
186000 :  0.25050100684165955
188000 :  0.2546606659889221
190000 :  0.24651303887367249
192000 :  0.2586897909641266
194000 :  0.25929856300354004
196000 :  0.25832080841064453
Train: new_F: 0.5950164293537787 best_F: 0.5724779902428082 
Dev: new_F: 0.4070200745281885 best_F: 0.41018074511250463 
Test: new_F: 0.4535761351383731 best_F: 0.4538020261198584 
198000 :  0.2385059893131256
200000 :  0.2315445840358734
202000 :  0.25713109970092773
204000 :  0.24116827547550201
206000 :  0.26490524411201477
208000 :  0.2476213425397873
210000 :  0.25016605854034424
Train: new_F: 0.6088002186389725 best_F: 0.5950164293537787 
Dev: new_F: 0.4056717135304013 best_F: 0.41018074511250463 
Test: new_F: 0.45533141210374645 best_F: 0.4538020261198584 
212000 :  0.2539358139038086
214000 :  0.24212534725666046
216000 :  0.23943161964416504
218000 :  0.23017437756061554
220000 :  0.23715971410274506
222000 :  0.2440924495458603
224000 :  0.23674041032791138
Train: new_F: 0.5995320073541701 best_F: 0.6088002186389725 
Dev: new_F: 0.4130328270455658 best_F: 0.41018074511250463 
Saving Model to  ./models/model_5_cnn
Test: new_F: 0.4564447159437996 best_F: 0.45533141210374645 
226000 :  0.23257017135620117
228000 :  0.22798176109790802
230000 :  0.23857735097408295
232000 :  0.23602157831192017
234000 :  0.23864324390888214
236000 :  0.22646567225456238
238000 :  0.2392159402370453
Train: new_F: 0.625379736715877 best_F: 0.6088002186389725 
Dev: new_F: 0.41427721594289113 best_F: 0.4130328270455658 
Saving Model to  ./models/model_5_cnn
Test: new_F: 0.4597864768683274 best_F: 0.4564447159437996 
240000 :  0.22259089350700378
242000 :  0.23271264135837555
244000 :  0.23103465139865875
246000 :  0.24158070981502533
248000 :  0.21718239784240723
250000 :  0.22363613545894623
252000 :  0.22321592271327972
Train: new_F: 0.6355927740032653 best_F: 0.625379736715877 
Dev: new_F: 0.4099540040099068 best_F: 0.41427721594289113 
Test: new_F: 0.45374189746611665 best_F: 0.4597864768683274 
254000 :  0.21424952149391174
256000 :  0.21202920377254486
258000 :  0.21586111187934875
260000 :  0.23508097231388092
262000 :  0.2213606983423233
264000 :  0.2314823567867279
266000 :  0.22630469501018524
Train: new_F: 0.6325240193797389 best_F: 0.6355927740032653 
Dev: new_F: 0.41417226634086746 best_F: 0.41427721594289113 
Test: new_F: 0.45899245558530055 best_F: 0.4597864768683274 
268000 :  0.22469161450862885
270000 :  0.2149852216243744
272000 :  0.23011928796768188
274000 :  0.2154521346092224
276000 :  0.22145333886146545
278000 :  0.20447927713394165
280000 :  0.21410544216632843
Train: new_F: 0.6704789885105713 best_F: 0.6355927740032653 
Dev: new_F: 0.41599238457877197 best_F: 0.41427721594289113 
Saving Model to  ./models/model_5_cnn
Test: new_F: 0.4582242323256367 best_F: 0.4597864768683274 
282000 :  0.20424076914787292
284000 :  0.21144545078277588
286000 :  0.2198684811592102
288000 :  0.20465677976608276
290000 :  0.21251285076141357
292000 :  0.20953047275543213
294000 :  0.20909279584884644
Train: new_F: 0.6630746548720011 best_F: 0.6704789885105713 
Dev: new_F: 0.4063221884498481 best_F: 0.41599238457877197 
Test: new_F: 0.4528484848484849 best_F: 0.4597864768683274 
296000 :  0.2073049694299698
298000 :  0.19468940794467926
300000 :  0.20313073694705963
302000 :  0.20729202032089233
304000 :  0.20230528712272644
306000 :  0.20689353346824646
308000 :  0.21901057660579681
Train: new_F: 0.6597441929639545 best_F: 0.6704789885105713 
Dev: new_F: 0.4128350135234817 best_F: 0.41599238457877197 
Test: new_F: 0.45093228655544654 best_F: 0.4597864768683274 
310000 :  0.19926555454730988
312000 :  0.2054191380739212
314000 :  0.19885072112083435
316000 :  0.19992808997631073
318000 :  0.2180468887090683
320000 :  0.20838281512260437
322000 :  0.19975563883781433
Train: new_F: 0.6713849644777007 best_F: 0.6704789885105713 
Dev: new_F: 0.4081428749843886 best_F: 0.41599238457877197 
Test: new_F: 0.4457426973275326 best_F: 0.4597864768683274 
324000 :  0.18629693984985352
326000 :  0.20273607969284058
328000 :  0.1831831932067871
330000 :  0.20750699937343597
332000 :  0.1994880735874176
334000 :  0.20908017456531525
336000 :  0.2024986296892166
Train: new_F: 0.6983632112236944 best_F: 0.6713849644777007 
Dev: new_F: 0.4129857591117547 best_F: 0.41599238457877197 
Test: new_F: 0.4554097966060898 best_F: 0.4597864768683274 
338000 :  0.19066454470157623
340000 :  0.1950046867132187
342000 :  0.19384640455245972
344000 :  0.1935454159975052
346000 :  0.1939905732870102
348000 :  0.1973588764667511
350000 :  0.19332318007946014
Train: new_F: 0.6890760726506975 best_F: 0.6983632112236944 
Dev: new_F: 0.40407762220584625 best_F: 0.41599238457877197 
Test: new_F: 0.4547229680253844 best_F: 0.4597864768683274 
352000 :  0.19500580430030823
354000 :  0.1820877343416214
356000 :  0.18684621155261993
358000 :  0.1943163424730301
360000 :  0.18970191478729248
362000 :  0.18800625205039978
364000 :  0.18979451060295105
Train: new_F: 0.7160084881734899 best_F: 0.6983632112236944 
Dev: new_F: 0.41319698076454836 best_F: 0.41599238457877197 
Test: new_F: 0.45751000121226815 best_F: 0.4597864768683274 
366000 :  0.1933651566505432
368000 :  0.18198201060295105
370000 :  0.1839001178741455
372000 :  0.18337036669254303
374000 :  0.19519400596618652
376000 :  0.18408045172691345
378000 :  0.189241424202919
Train: new_F: 0.7211086872834594 best_F: 0.7160084881734899 
Dev: new_F: 0.416626036079961 best_F: 0.41599238457877197 
Saving Model to  ./models/model_5_cnn
Test: new_F: 0.4550405421759651 best_F: 0.4597864768683274 
380000 :  0.1882493644952774
382000 :  0.18413029611110687
384000 :  0.17750324308872223
386000 :  0.17954301834106445
388000 :  0.1812918782234192
390000 :  0.19015386700630188
392000 :  0.1826252043247223
Train: new_F: 0.746344532527998 best_F: 0.7211086872834594 
Dev: new_F: 0.4086544305336089 best_F: 0.416626036079961 
Test: new_F: 0.4562636297552702 best_F: 0.4597864768683274 
394000 :  0.1868138164281845
396000 :  0.1739514172077179
398000 :  0.1709965467453003
400000 :  0.17884644865989685
402000 :  0.16867338120937347
404000 :  0.18270017206668854
406000 :  0.18359050154685974
Train: new_F: 0.7282383419689119 best_F: 0.746344532527998 
Dev: new_F: 0.4130033247137052 best_F: 0.416626036079961 
Test: new_F: 0.4585067319461444 best_F: 0.4597864768683274 
408000 :  0.18076494336128235
410000 :  0.176031693816185
412000 :  0.16992706060409546
414000 :  0.17939893901348114
416000 :  0.17727385461330414
418000 :  0.18576134741306305
420000 :  0.170949324965477
Train: new_F: 0.7531821947729156 best_F: 0.746344532527998 
Dev: new_F: 0.4156502837821519 best_F: 0.416626036079961 
Test: new_F: 0.4579270494763452 best_F: 0.4597864768683274 
422000 :  0.17370371520519257
424000 :  0.17503364384174347
426000 :  0.18319959938526154
428000 :  0.16882693767547607
430000 :  0.1676170825958252
432000 :  0.1762542873620987
434000 :  0.1745450794696808
Train: new_F: 0.7657006630410489 best_F: 0.7531821947729156 
Dev: new_F: 0.4179786083403438 best_F: 0.416626036079961 
Saving Model to  ./models/model_5_cnn
Test: new_F: 0.45788336933045365 best_F: 0.4597864768683274 
436000 :  0.1693756878376007
438000 :  0.15933409333229065
440000 :  0.16659526526927948
442000 :  0.1645713448524475
444000 :  0.1672147512435913
446000 :  0.1794595867395401
448000 :  0.17359097301959991
Train: new_F: 0.7860890493381468 best_F: 0.7657006630410489 
Dev: new_F: 0.4169443122322703 best_F: 0.4179786083403438 
Test: new_F: 0.45949156569256355 best_F: 0.4597864768683274 
450000 :  0.16488640010356903
452000 :  0.16653400659561157
454000 :  0.15820738673210144
456000 :  0.15741661190986633
458000 :  0.1694553941488266
460000 :  0.16553886234760284
462000 :  0.1822083592414856
Train: new_F: 0.7830030562949818 best_F: 0.7860890493381468 
Dev: new_F: 0.41423712342079694 best_F: 0.4179786083403438 
Test: new_F: 0.45912789991497627 best_F: 0.4597864768683274 
464000 :  0.1637764871120453
466000 :  0.17005933821201324
468000 :  0.16587227582931519
470000 :  0.15504680573940277
472000 :  0.1598716378211975
474000 :  0.1588314026594162
476000 :  0.16407334804534912
Train: new_F: 0.7792061785120735 best_F: 0.7860890493381468 
Dev: new_F: 0.4116523400191022 best_F: 0.4179786083403438 
Test: new_F: 0.4563501554651997 best_F: 0.4597864768683274 
478000 :  0.16940096020698547
480000 :  0.1596921980381012
482000 :  0.15030567348003387
484000 :  0.16349384188652039
486000 :  0.15626834332942963
488000 :  0.16905291378498077
490000 :  0.16217099130153656
Train: new_F: 0.7785322016974539 best_F: 0.7860890493381468 
Dev: new_F: 0.4180638844694652 best_F: 0.4179786083403438 
Saving Model to  ./models/model_5_cnn
Test: new_F: 0.4573387195495164 best_F: 0.4597864768683274 
492000 :  0.1660977154970169
494000 :  0.163474440574646
496000 :  0.15459699928760529
498000 :  0.15188248455524445
500000 :  0.16472703218460083
502000 :  0.15765871107578278
504000 :  0.1636054962873459
Train: new_F: 0.8033775633293124 best_F: 0.7860890493381468 
Dev: new_F: 0.41210513624306727 best_F: 0.4180638844694652 
Test: new_F: 0.4543370732295814 best_F: 0.4597864768683274 
506000 :  0.15765389800071716
508000 :  0.15728333592414856
510000 :  0.14791390299797058
512000 :  0.1557023674249649
514000 :  0.14593349397182465
516000 :  0.16484816372394562
518000 :  0.15395759046077728
Train: new_F: 0.8026287072289449 best_F: 0.8033775633293124 
Dev: new_F: 0.4207228915662651 best_F: 0.4180638844694652 
Saving Model to  ./models/model_5_cnn
Test: new_F: 0.458764125991825 best_F: 0.4597864768683274 
520000 :  0.16016574203968048
522000 :  0.1517382264137268
524000 :  0.16292469203472137
526000 :  0.15269938111305237
528000 :  0.15202084183692932
530000 :  0.1606779545545578
532000 :  0.14871245622634888
Train: new_F: 0.8154150480230701 best_F: 0.8033775633293124 
Dev: new_F: 0.4158368326334733 best_F: 0.4207228915662651 
Test: new_F: 0.457273713390382 best_F: 0.4597864768683274 
534000 :  0.14400692284107208
536000 :  0.14220288395881653
538000 :  0.16224336624145508
540000 :  0.1415383219718933
542000 :  0.15816833078861237
544000 :  0.14855384826660156
546000 :  0.15397141873836517
Train: new_F: 0.788392923975149 best_F: 0.8154150480230701 
Dev: new_F: 0.4147762489153341 best_F: 0.4207228915662651 
Test: new_F: 0.4527743526510481 best_F: 0.4597864768683274 
548000 :  0.1485813856124878
550000 :  0.1499946266412735
552000 :  0.15625768899917603
554000 :  0.14967933297157288
556000 :  0.14617902040481567
558000 :  0.15321485698223114
560000 :  0.1507522165775299
Train: new_F: 0.7945320819197147 best_F: 0.8154150480230701 
Dev: new_F: 0.40887126750092917 best_F: 0.4207228915662651 
Test: new_F: 0.4514929996282988 best_F: 0.4597864768683274 
562000 :  0.1533009111881256
564000 :  0.1346803605556488
566000 :  0.14921879768371582
568000 :  0.15422463417053223
570000 :  0.1510103940963745
572000 :  0.15016064047813416
574000 :  0.15234921872615814
Train: new_F: 0.8200925568839182 best_F: 0.8154150480230701 
Dev: new_F: 0.4159766195811009 best_F: 0.4207228915662651 
Test: new_F: 0.4560506452398344 best_F: 0.4597864768683274 
576000 :  0.14938843250274658
578000 :  0.13286656141281128
580000 :  0.14372052252292633
582000 :  0.15083327889442444
584000 :  0.14625179767608643
586000 :  0.150554820895195
588000 :  0.14490553736686707
Train: new_F: 0.8225315354501957 best_F: 0.8200925568839182 
Dev: new_F: 0.41845099718585577 best_F: 0.4207228915662651 
Test: new_F: 0.4582619339045288 best_F: 0.4597864768683274 
590000 :  0.13547152280807495
592000 :  0.1433289498090744
594000 :  0.13891200721263885
596000 :  0.14613060653209686
598000 :  0.14779765903949738
600000 :  0.1511376053094864
602000 :  0.142604798078537
Train: new_F: 0.8167641802736909 best_F: 0.8225315354501957 
Dev: new_F: 0.4161490683229813 best_F: 0.4207228915662651 
Test: new_F: 0.44954697778329405 best_F: 0.4597864768683274 
604000 :  0.14296306669712067
606000 :  0.14466840028762817
608000 :  0.13911966979503632
610000 :  0.13214394450187683
612000 :  0.15111154317855835
614000 :  0.13591232895851135
616000 :  0.1461634784936905
Train: new_F: 0.8471535527616896 best_F: 0.8225315354501957 
Dev: new_F: 0.4200024041351124 best_F: 0.4207228915662651 
Test: new_F: 0.4563726080154049 best_F: 0.4597864768683274 
618000 :  0.15342213213443756
620000 :  0.13246452808380127
622000 :  0.1391352117061615
624000 :  0.1358242928981781
626000 :  0.1414255052804947
628000 :  0.13789071142673492
630000 :  0.1443489044904709
Train: new_F: 0.8456391706267584 best_F: 0.8471535527616896 
Dev: new_F: 0.4225794754019098 best_F: 0.4207228915662651 
Saving Model to  ./models/model_5_cnn
Test: new_F: 0.4584693507435618 best_F: 0.4597864768683274 
632000 :  0.14250251650810242
634000 :  0.1388801634311676
636000 :  0.13218656182289124
638000 :  0.1382121741771698
640000 :  0.14866754412651062
642000 :  0.140471950173378
644000 :  0.14369437098503113
Train: new_F: 0.8520255461551152 best_F: 0.8471535527616896 
Dev: new_F: 0.4206185567010309 best_F: 0.4225794754019098 
Test: new_F: 0.45533980582524275 best_F: 0.4597864768683274 
646000 :  0.13925054669380188
648000 :  0.13038086891174316
650000 :  0.13920441269874573
652000 :  0.1328011006116867
654000 :  0.1382976621389389
656000 :  0.13935869932174683
658000 :  0.13376063108444214
Train: new_F: 0.8402809406237265 best_F: 0.8520255461551152 
Dev: new_F: 0.4183585578934417 best_F: 0.4225794754019098 
Test: new_F: 0.4545454545454546 best_F: 0.4597864768683274 
660000 :  0.14237454533576965
662000 :  0.13762003183364868
664000 :  0.12948305904865265
666000 :  0.1355196237564087
668000 :  0.13934999704360962
670000 :  0.1405329704284668
672000 :  0.1353253275156021
Train: new_F: 0.8468019461255488 best_F: 0.8520255461551152 
Dev: new_F: 0.41796874999999994 best_F: 0.4225794754019098 
Test: new_F: 0.4540250882961881 best_F: 0.4597864768683274 
674000 :  0.136541947722435
676000 :  0.12783575057983398
678000 :  0.13827310502529144
680000 :  0.12645085155963898
682000 :  0.14457713067531586
684000 :  0.14427879452705383
686000 :  0.1325690895318985
688000 :  0.13127195835113525
Train: new_F: 0.8560274681341423 best_F: 0.8520255461551152 
Dev: new_F: 0.4181708055723803 best_F: 0.4225794754019098 
Test: new_F: 0.4539505574406204 best_F: 0.4597864768683274 
690000 :  0.13949228823184967
692000 :  0.12863312661647797
694000 :  0.13636505603790283
696000 :  0.13366524875164032
698000 :  0.13294199109077454
700000 :  0.12616270780563354
702000 :  0.12768018245697021
Train: new_F: 0.8721634237648472 best_F: 0.8560274681341423 
Dev: new_F: 0.41696794408291155 best_F: 0.4225794754019098 
Test: new_F: 0.4540736270368135 best_F: 0.4597864768683274 
704000 :  0.12389684468507767
706000 :  0.1315990537405014
708000 :  0.12976260483264923
710000 :  0.13147398829460144
712000 :  0.12913759052753448
714000 :  0.13883209228515625
716000 :  0.13059286773204803
Train: new_F: 0.8644135375378192 best_F: 0.8721634237648472 
Dev: new_F: 0.41323529411764703 best_F: 0.4225794754019098 
Test: new_F: 0.45424557116676845 best_F: 0.4597864768683274 
718000 :  0.12807756662368774
720000 :  0.12839405238628387
722000 :  0.13180246949195862
724000 :  0.12477052211761475
726000 :  0.1368313878774643
728000 :  0.1262838989496231
730000 :  0.12186776101589203
Train: new_F: 0.8706751298326602 best_F: 0.8721634237648472 
Dev: new_F: 0.41423556470161 best_F: 0.4225794754019098 
Test: new_F: 0.4501334627517593 best_F: 0.4597864768683274 
732000 :  0.12662160396575928
734000 :  0.1301044374704361
736000 :  0.13093604147434235
738000 :  0.1273244172334671
740000 :  0.12707063555717468
742000 :  0.12619386613368988
744000 :  0.13354521989822388
Train: new_F: 0.8647379297388692 best_F: 0.8721634237648472 
Dev: new_F: 0.42275229357798166 best_F: 0.4225794754019098 
Saving Model to  ./models/model_5_cnn
Test: new_F: 0.4575275397796818 best_F: 0.4597864768683274 
746000 :  0.12013427913188934
748000 :  0.12732255458831787
750000 :  0.1265130192041397
752000 :  0.12926329672336578
754000 :  0.12820127606391907
756000 :  0.12456631660461426
758000 :  0.1282106637954712
Train: new_F: 0.8873745111939445 best_F: 0.8721634237648472 
Dev: new_F: 0.41621294615849974 best_F: 0.42275229357798166 
Test: new_F: 0.4495090313977452 best_F: 0.4597864768683274 
760000 :  0.11542410403490067
762000 :  0.12420099228620529
764000 :  0.12494511157274246
766000 :  0.1277211606502533
768000 :  0.12349867075681686
770000 :  0.13162939250469208
772000 :  0.12285017967224121
Train: new_F: 0.8786035931479506 best_F: 0.8873745111939445 
Dev: new_F: 0.4135000607017118 best_F: 0.42275229357798166 
Test: new_F: 0.4548104956268222 best_F: 0.4597864768683274 
774000 :  0.13189738988876343
776000 :  0.12940151989459991
778000 :  0.1218772605061531
780000 :  0.123381607234478
782000 :  0.12084785103797913
784000 :  0.12081852555274963
786000 :  0.13893522322177887
Train: new_F: 0.8689677812690522 best_F: 0.8873745111939445 
Dev: new_F: 0.4147157190635451 best_F: 0.42275229357798166 
Test: new_F: 0.4487369985141159 best_F: 0.4597864768683274 
788000 :  0.12654024362564087
790000 :  0.11546642333269119
792000 :  0.12013357877731323
794000 :  0.12145783752202988
796000 :  0.11717018485069275
798000 :  0.13295774161815643
800000 :  0.12166699767112732
Train: new_F: 0.8710975895155628 best_F: 0.8873745111939445 
Dev: new_F: 0.4166359050079981 best_F: 0.42275229357798166 
Test: new_F: 0.44593933463796476 best_F: 0.4597864768683274 
802000 :  0.1134590357542038
804000 :  0.12343553453683853
806000 :  0.12643086910247803
808000 :  0.12242639064788818
810000 :  0.1196112260222435
812000 :  0.11550762504339218
814000 :  0.12075706571340561
Train: new_F: 0.8805291250870272 best_F: 0.8873745111939445 
Dev: new_F: 0.41369120906180745 best_F: 0.42275229357798166 
Test: new_F: 0.4514545231373512 best_F: 0.4597864768683274 
816000 :  0.123533234000206
818000 :  0.12542831897735596
820000 :  0.12252471596002579
822000 :  0.11780358105897903
824000 :  0.12283782660961151
826000 :  0.1110958382487297
828000 :  0.12559713423252106
Train: new_F: 0.8825944742153247 best_F: 0.8873745111939445 
Dev: new_F: 0.41449882875107874 best_F: 0.42275229357798166 
Test: new_F: 0.44545903257650543 best_F: 0.4597864768683274 
830000 :  0.125027135014534
832000 :  0.10551589727401733
834000 :  0.11963727325201035
836000 :  0.12073659151792526
838000 :  0.11312364041805267
840000 :  0.11978311836719513
842000 :  0.13489893078804016
Train: new_F: 0.8889863772800739 best_F: 0.8873745111939445 
Dev: new_F: 0.4164215686274509 best_F: 0.42275229357798166 
Test: new_F: 0.45076960664549226 best_F: 0.4597864768683274 
844000 :  0.10795777291059494
846000 :  0.11031926423311234
848000 :  0.11641650646924973
850000 :  0.11931522190570831
852000 :  0.11135511100292206
854000 :  0.12287838011980057
856000 :  0.12280403077602386
Train: new_F: 0.8928227028516323 best_F: 0.8889863772800739 
Dev: new_F: 0.4180197778049079 best_F: 0.42275229357798166 
Test: new_F: 0.451078347751919 best_F: 0.4597864768683274 
858000 :  0.11388826370239258
860000 :  0.11906102299690247
862000 :  0.11955130845308304
864000 :  0.11600171774625778
866000 :  0.11280763149261475
868000 :  0.11804565787315369
870000 :  0.11782470345497131
Train: new_F: 0.8943175053802829 best_F: 0.8928227028516323 
Dev: new_F: 0.41240875912408764 best_F: 0.42275229357798166 
Test: new_F: 0.44925772694086147 best_F: 0.4597864768683274 
872000 :  0.11864453554153442
874000 :  0.11752337962388992
876000 :  0.11263223737478256
878000 :  0.11017859727144241
880000 :  0.11092439293861389
882000 :  0.11415758728981018
884000 :  0.12236401438713074
Train: new_F: 0.9077830723848423 best_F: 0.8943175053802829 
Dev: new_F: 0.41604070753574024 best_F: 0.42275229357798166 
Test: new_F: 0.45645572695250813 best_F: 0.4597864768683274 
886000 :  0.10989683866500854
888000 :  0.11046528071165085
890000 :  0.1195034310221672
892000 :  0.1138923168182373
894000 :  0.11834554374217987
896000 :  0.1187186986207962
898000 :  0.12637187540531158
Train: new_F: 0.9034633215162258 best_F: 0.9077830723848423 
Dev: new_F: 0.41317658584374234 best_F: 0.42275229357798166 
Test: new_F: 0.44623853211009173 best_F: 0.4597864768683274 
900000 :  0.11630198359489441
902000 :  0.11500629037618637
904000 :  0.11536843329668045
906000 :  0.11891748011112213
908000 :  0.10886132717132568
910000 :  0.10852761566638947
912000 :  0.12036076933145523
Train: new_F: 0.8987448846619875 best_F: 0.9077830723848423 
Dev: new_F: 0.41386942087790485 best_F: 0.42275229357798166 
Test: new_F: 0.4497854077253219 best_F: 0.4597864768683274 
914000 :  0.11814852058887482
916000 :  0.10696874558925629
918000 :  0.10778144747018814
920000 :  0.10774523764848709
922000 :  0.12037433683872223
924000 :  0.10842777788639069
926000 :  0.11333700269460678
Train: new_F: 0.913072867378667 best_F: 0.9077830723848423 
Dev: new_F: 0.41934697855750486 best_F: 0.42275229357798166 
Test: new_F: 0.4534017344570661 best_F: 0.4597864768683274 
928000 :  0.11138290911912918
930000 :  0.09989724308252335
932000 :  0.10301543772220612
934000 :  0.10613128542900085
936000 :  0.11481329053640366
938000 :  0.1212257593870163
940000 :  0.11526486277580261
Train: new_F: 0.906671502731621 best_F: 0.913072867378667 
Dev: new_F: 0.41874545894889803 best_F: 0.42275229357798166 
Test: new_F: 0.45195686417060466 best_F: 0.4597864768683274 
942000 :  0.10933902859687805
944000 :  0.11339560896158218
946000 :  0.10706368088722229
948000 :  0.10899154841899872
950000 :  0.11492810398340225
952000 :  0.11002925038337708
954000 :  0.11502566188573837
Train: new_F: 0.9058065103988701 best_F: 0.913072867378667 
Dev: new_F: 0.41674828599412345 best_F: 0.42275229357798166 
Test: new_F: 0.45012850324317705 best_F: 0.4597864768683274 
956000 :  0.10596585273742676
958000 :  0.11424890905618668
960000 :  0.1075865626335144
962000 :  0.10802211612462997
964000 :  0.10568106919527054
966000 :  0.10887887328863144
968000 :  0.11245094984769821
Train: new_F: 0.921896947671178 best_F: 0.913072867378667 
Dev: new_F: 0.41478292070326517 best_F: 0.42275229357798166 
Test: new_F: 0.44559088182363527 best_F: 0.4597864768683274 
